Analysis & Synthesis report for maqvendacafe
Thu May 30 05:54:16 2019
Quartus Prime Version 17.1.0 Build 590 10/25/2017 SJ Lite Edition


---------------------
; Table of Contents ;
---------------------
  1. Legal Notice
  2. Analysis & Synthesis Summary
  3. Analysis & Synthesis Settings
  4. Parallel Compilation
  5. Analysis & Synthesis Source Files Read
  6. Analysis & Synthesis Resource Usage Summary
  7. Analysis & Synthesis Resource Utilization by Entity
  8. State Machine - |maqvendaDEMO|FSMdp:maqestados|s_currentState
  9. Logic Cells Representing Combinational Loops
 10. Registers Removed During Synthesis
 11. General Register Statistics
 12. Multiplexer Restructuring Statistics (Restructuring Performed)
 13. Parameter Settings for User Entity Instance: DebounceUnit:debouncer0
 14. Parameter Settings for User Entity Instance: DebounceUnit:debouncer1
 15. Parameter Settings for User Entity Instance: DebounceUnit:debouncer2
 16. Parameter Settings for User Entity Instance: DebounceUnit:debouncer3
 17. Port Connectivity Checks: "Bin7SegDecoder:Bin7SegDecoder"
 18. Post-Synthesis Netlist Statistics for Top Partition
 19. Elapsed Time Per Partition
 20. Analysis & Synthesis Messages



----------------
; Legal Notice ;
----------------
Copyright (C) 2017  Intel Corporation. All rights reserved.
Your use of Intel Corporation's design tools, logic functions 
and other software and tools, and its AMPP partner logic 
functions, and any output files from any of the foregoing 
(including device programming or simulation files), and any 
associated documentation or information are expressly subject 
to the terms and conditions of the Intel Program License 
Subscription Agreement, the Intel Quartus Prime License Agreement,
the Intel FPGA IP License Agreement, or other applicable license
agreement, including, without limitation, that your use is for
the sole purpose of programming logic devices manufactured by
Intel and sold by Intel or its authorized distributors.  Please
refer to the applicable agreement for further details.



+----------------------------------------------------------------------------------+
; Analysis & Synthesis Summary                                                     ;
+------------------------------------+---------------------------------------------+
; Analysis & Synthesis Status        ; Successful - Thu May 30 05:54:15 2019       ;
; Quartus Prime Version              ; 17.1.0 Build 590 10/25/2017 SJ Lite Edition ;
; Revision Name                      ; maqvendacafe                                ;
; Top-level Entity Name              ; maqvendaDEMO                                ;
; Family                             ; Cyclone IV E                                ;
; Total logic elements               ; 234                                         ;
;     Total combinational functions  ; 230                                         ;
;     Dedicated logic registers      ; 80                                          ;
; Total registers                    ; 80                                          ;
; Total pins                         ; 26                                          ;
; Total virtual pins                 ; 0                                           ;
; Total memory bits                  ; 0                                           ;
; Embedded Multiplier 9-bit elements ; 0                                           ;
; Total PLLs                         ; 0                                           ;
+------------------------------------+---------------------------------------------+


+----------------------------------------------------------------------------------------------------------------------+
; Analysis & Synthesis Settings                                                                                        ;
+----------------------------------------------------------------------------+--------------------+--------------------+
; Option                                                                     ; Setting            ; Default Value      ;
+----------------------------------------------------------------------------+--------------------+--------------------+
; Device                                                                     ; EP4CE115F29C7      ;                    ;
; Top-level entity name                                                      ; maqvendaDEMO       ; maqvendacafe       ;
; Family name                                                                ; Cyclone IV E       ; Cyclone V          ;
; Use smart compilation                                                      ; Off                ; Off                ;
; Enable parallel Assembler and TimeQuest Timing Analyzer during compilation ; On                 ; On                 ;
; Enable compact report table                                                ; Off                ; Off                ;
; Restructure Multiplexers                                                   ; Auto               ; Auto               ;
; Create Debugging Nodes for IP Cores                                        ; Off                ; Off                ;
; Preserve fewer node names                                                  ; On                 ; On                 ;
; Intel FPGA IP Evaluation Mode                                              ; Enable             ; Enable             ;
; Verilog Version                                                            ; Verilog_2001       ; Verilog_2001       ;
; VHDL Version                                                               ; VHDL_1993          ; VHDL_1993          ;
; State Machine Processing                                                   ; Auto               ; Auto               ;
; Safe State Machine                                                         ; Off                ; Off                ;
; Extract Verilog State Machines                                             ; On                 ; On                 ;
; Extract VHDL State Machines                                                ; On                 ; On                 ;
; Ignore Verilog initial constructs                                          ; Off                ; Off                ;
; Iteration limit for constant Verilog loops                                 ; 5000               ; 5000               ;
; Iteration limit for non-constant Verilog loops                             ; 250                ; 250                ;
; Add Pass-Through Logic to Inferred RAMs                                    ; On                 ; On                 ;
; Infer RAMs from Raw Logic                                                  ; On                 ; On                 ;
; Parallel Synthesis                                                         ; On                 ; On                 ;
; DSP Block Balancing                                                        ; Auto               ; Auto               ;
; NOT Gate Push-Back                                                         ; On                 ; On                 ;
; Power-Up Don't Care                                                        ; On                 ; On                 ;
; Remove Redundant Logic Cells                                               ; Off                ; Off                ;
; Remove Duplicate Registers                                                 ; On                 ; On                 ;
; Ignore CARRY Buffers                                                       ; Off                ; Off                ;
; Ignore CASCADE Buffers                                                     ; Off                ; Off                ;
; Ignore GLOBAL Buffers                                                      ; Off                ; Off                ;
; Ignore ROW GLOBAL Buffers                                                  ; Off                ; Off                ;
; Ignore LCELL Buffers                                                       ; Off                ; Off                ;
; Ignore SOFT Buffers                                                        ; On                 ; On                 ;
; Limit AHDL Integers to 32 Bits                                             ; Off                ; Off                ;
; Optimization Technique                                                     ; Balanced           ; Balanced           ;
; Carry Chain Length                                                         ; 70                 ; 70                 ;
; Auto Carry Chains                                                          ; On                 ; On                 ;
; Auto Open-Drain Pins                                                       ; On                 ; On                 ;
; Perform WYSIWYG Primitive Resynthesis                                      ; Off                ; Off                ;
; Auto ROM Replacement                                                       ; On                 ; On                 ;
; Auto RAM Replacement                                                       ; On                 ; On                 ;
; Auto DSP Block Replacement                                                 ; On                 ; On                 ;
; Auto Shift Register Replacement                                            ; Auto               ; Auto               ;
; Allow Shift Register Merging across Hierarchies                            ; Auto               ; Auto               ;
; Auto Clock Enable Replacement                                              ; On                 ; On                 ;
; Strict RAM Replacement                                                     ; Off                ; Off                ;
; Allow Synchronous Control Signals                                          ; On                 ; On                 ;
; Force Use of Synchronous Clear Signals                                     ; Off                ; Off                ;
; Auto RAM Block Balancing                                                   ; On                 ; On                 ;
; Auto RAM to Logic Cell Conversion                                          ; Off                ; Off                ;
; Auto Resource Sharing                                                      ; Off                ; Off                ;
; Allow Any RAM Size For Recognition                                         ; Off                ; Off                ;
; Allow Any ROM Size For Recognition                                         ; Off                ; Off                ;
; Allow Any Shift Register Size For Recognition                              ; Off                ; Off                ;
; Use LogicLock Constraints during Resource Balancing                        ; On                 ; On                 ;
; Ignore translate_off and synthesis_off directives                          ; Off                ; Off                ;
; Timing-Driven Synthesis                                                    ; On                 ; On                 ;
; Report Parameter Settings                                                  ; On                 ; On                 ;
; Report Source Assignments                                                  ; On                 ; On                 ;
; Report Connectivity Checks                                                 ; On                 ; On                 ;
; Ignore Maximum Fan-Out Assignments                                         ; Off                ; Off                ;
; Synchronization Register Chain Length                                      ; 2                  ; 2                  ;
; Power Optimization During Synthesis                                        ; Normal compilation ; Normal compilation ;
; HDL message level                                                          ; Level2             ; Level2             ;
; Suppress Register Optimization Related Messages                            ; Off                ; Off                ;
; Number of Removed Registers Reported in Synthesis Report                   ; 5000               ; 5000               ;
; Number of Swept Nodes Reported in Synthesis Report                         ; 5000               ; 5000               ;
; Number of Inverted Registers Reported in Synthesis Report                  ; 100                ; 100                ;
; Clock MUX Protection                                                       ; On                 ; On                 ;
; Auto Gated Clock Conversion                                                ; Off                ; Off                ;
; Block Design Naming                                                        ; Auto               ; Auto               ;
; SDC constraint protection                                                  ; Off                ; Off                ;
; Synthesis Effort                                                           ; Auto               ; Auto               ;
; Shift Register Replacement - Allow Asynchronous Clear Signal               ; On                 ; On                 ;
; Pre-Mapping Resynthesis Optimization                                       ; Off                ; Off                ;
; Analysis & Synthesis Message Level                                         ; Medium             ; Medium             ;
; Disable Register Merging Across Hierarchies                                ; Auto               ; Auto               ;
; Resource Aware Inference For Block RAM                                     ; On                 ; On                 ;
+----------------------------------------------------------------------------+--------------------+--------------------+


+------------------------------------------+
; Parallel Compilation                     ;
+----------------------------+-------------+
; Processors                 ; Number      ;
+----------------------------+-------------+
; Number detected on machine ; 8           ;
; Maximum allowed            ; 4           ;
;                            ;             ;
; Average used               ; 1.00        ;
; Maximum used               ; 4           ;
;                            ;             ;
; Usage by Processor         ; % Time Used ;
;     Processor 1            ; 100.0%      ;
;     Processors 2-4         ;   0.0%      ;
+----------------------------+-------------+


+---------------------------------------------------------------------------------------------------------------------------------------------------+
; Analysis & Synthesis Source Files Read                                                                                                            ;
+----------------------------------+-----------------+-----------------+------------------------------------------------------------------+---------+
; File Name with User-Entered Path ; Used in Netlist ; File Type       ; File Name with Absolute Path                                     ; Library ;
+----------------------------------+-----------------+-----------------+------------------------------------------------------------------+---------+
; FSMdp.vhd                        ; yes             ; User VHDL File  ; C:/Users/couto/Desktop/projeto final lsd novo/FSMdp.vhd          ;         ;
; maqvendaDEMO.vhd                 ; yes             ; User VHDL File  ; C:/Users/couto/Desktop/projeto final lsd novo/maqvendaDEMO.vhd   ;         ;
; DebounceUnit.vhd                 ; yes             ; User VHDL File  ; C:/Users/couto/Desktop/projeto final lsd novo/DebounceUnit.vhd   ;         ;
; Bin7SegDecoder.vhd               ; yes             ; User VHDL File  ; C:/Users/couto/Desktop/projeto final lsd novo/Bin7SegDecoder.vhd ;         ;
+----------------------------------+-----------------+-----------------+------------------------------------------------------------------+---------+


+--------------------------------------------------------------+
; Analysis & Synthesis Resource Usage Summary                  ;
+---------------------------------------------+----------------+
; Resource                                    ; Usage          ;
+---------------------------------------------+----------------+
; Estimated Total logic elements              ; 234            ;
;                                             ;                ;
; Total combinational functions               ; 230            ;
; Logic element usage by number of LUT inputs ;                ;
;     -- 4 input functions                    ; 62             ;
;     -- 3 input functions                    ; 74             ;
;     -- <=2 input functions                  ; 94             ;
;                                             ;                ;
; Logic elements by mode                      ;                ;
;     -- normal mode                          ; 170            ;
;     -- arithmetic mode                      ; 60             ;
;                                             ;                ;
; Total registers                             ; 80             ;
;     -- Dedicated logic registers            ; 80             ;
;     -- I/O registers                        ; 0              ;
;                                             ;                ;
; I/O pins                                    ; 26             ;
;                                             ;                ;
; Embedded Multiplier 9-bit elements          ; 0              ;
;                                             ;                ;
; Maximum fan-out node                        ; CLOCK_50~input ;
; Maximum fan-out                             ; 80             ;
; Total fan-out                               ; 903            ;
; Average fan-out                             ; 2.49           ;
+---------------------------------------------+----------------+


+---------------------------------------------------------------------------------------------------------------------------------------------------------------------------------------------------------------------------------------------+
; Analysis & Synthesis Resource Utilization by Entity                                                                                                                                                                                         ;
+------------------------------------+---------------------+---------------------------+-------------+--------------+---------+-----------+------+--------------+---------------------------------------------+----------------+--------------+
; Compilation Hierarchy Node         ; Combinational ALUTs ; Dedicated Logic Registers ; Memory Bits ; DSP Elements ; DSP 9x9 ; DSP 18x18 ; Pins ; Virtual Pins ; Full Hierarchy Name                         ; Entity Name    ; Library Name ;
+------------------------------------+---------------------+---------------------------+-------------+--------------+---------+-----------+------+--------------+---------------------------------------------+----------------+--------------+
; |maqvendaDEMO                      ; 230 (0)             ; 80 (0)                    ; 0           ; 0            ; 0       ; 0         ; 26   ; 0            ; |maqvendaDEMO                               ; maqvendaDEMO   ; work         ;
;    |Bin7SegDecoder:Bin7SegDecoder| ; 7 (7)               ; 0 (0)                     ; 0           ; 0            ; 0       ; 0         ; 0    ; 0            ; |maqvendaDEMO|Bin7SegDecoder:Bin7SegDecoder ; Bin7SegDecoder ; work         ;
;    |DebounceUnit:debouncer0|       ; 50 (50)             ; 19 (19)                   ; 0           ; 0            ; 0       ; 0         ; 0    ; 0            ; |maqvendaDEMO|DebounceUnit:debouncer0       ; DebounceUnit   ; work         ;
;    |DebounceUnit:debouncer1|       ; 50 (50)             ; 19 (19)                   ; 0           ; 0            ; 0       ; 0         ; 0    ; 0            ; |maqvendaDEMO|DebounceUnit:debouncer1       ; DebounceUnit   ; work         ;
;    |DebounceUnit:debouncer2|       ; 50 (50)             ; 19 (19)                   ; 0           ; 0            ; 0       ; 0         ; 0    ; 0            ; |maqvendaDEMO|DebounceUnit:debouncer2       ; DebounceUnit   ; work         ;
;    |DebounceUnit:debouncer3|       ; 52 (52)             ; 19 (19)                   ; 0           ; 0            ; 0       ; 0         ; 0    ; 0            ; |maqvendaDEMO|DebounceUnit:debouncer3       ; DebounceUnit   ; work         ;
;    |FSMdp:maqestados|              ; 21 (21)             ; 4 (4)                     ; 0           ; 0            ; 0       ; 0         ; 0    ; 0            ; |maqvendaDEMO|FSMdp:maqestados              ; FSMdp          ; work         ;
+------------------------------------+---------------------+---------------------------+-------------+--------------+---------+-----------+------+--------------+---------------------------------------------+----------------+--------------+
Note: For table entries with two numbers listed, the numbers in parentheses indicate the number of resources of the given type used by the specific entity alone. The numbers listed outside of parentheses indicate the total resources of the given type used by the specific entity and all of its sub-entities in the hierarchy.


Encoding Type:  One-Hot
+-------------------------------------------------------------------------------------------------------------------------------------------------------------+
; State Machine - |maqvendaDEMO|FSMdp:maqestados|s_currentState                                                                                               ;
+------------------------------+----------------------+--------------------------+------------------------------+-----------------------+---------------------+
; Name                         ; s_currentState.final ; s_currentState.cinquenta ; s_currentState.quarentacinco ; s_currentState.trinta ; s_currentState.init ;
+------------------------------+----------------------+--------------------------+------------------------------+-----------------------+---------------------+
; s_currentState.init          ; 0                    ; 0                        ; 0                            ; 0                     ; 0                   ;
; s_currentState.trinta        ; 0                    ; 0                        ; 0                            ; 1                     ; 1                   ;
; s_currentState.quarentacinco ; 0                    ; 0                        ; 1                            ; 0                     ; 1                   ;
; s_currentState.cinquenta     ; 0                    ; 1                        ; 0                            ; 0                     ; 1                   ;
; s_currentState.final         ; 1                    ; 0                        ; 0                            ; 0                     ; 1                   ;
+------------------------------+----------------------+--------------------------+------------------------------+-----------------------+---------------------+


+------------------------------------------------------------+
; Logic Cells Representing Combinational Loops               ;
+--------------------------------------------------------+---+
; Logic Cell Name                                        ;   ;
+--------------------------------------------------------+---+
; FSMdp:maqestados|moeda[1]                              ;   ;
; FSMdp:maqestados|moeda[0]                              ;   ;
; FSMdp:maqestados|moeda[2]                              ;   ;
; Number of logic cells representing combinational loops ; 3 ;
+--------------------------------------------------------+---+
Note: All cells listed above may not be present at the end of synthesis due to various synthesis optimizations.


+--------------------------------------------------------------------------------+
; Registers Removed During Synthesis                                             ;
+---------------------------------------+----------------------------------------+
; Register name                         ; Reason for Removal                     ;
+---------------------------------------+----------------------------------------+
; FSMdp:maqestados|s_currentState.final ; Stuck at GND due to stuck port data_in ;
; Total Number of Removed Registers = 1 ;                                        ;
+---------------------------------------+----------------------------------------+


+------------------------------------------------------+
; General Register Statistics                          ;
+----------------------------------------------+-------+
; Statistic                                    ; Value ;
+----------------------------------------------+-------+
; Total registers                              ; 80    ;
; Number of registers using Synchronous Clear  ; 0     ;
; Number of registers using Synchronous Load   ; 0     ;
; Number of registers using Asynchronous Clear ; 0     ;
; Number of registers using Asynchronous Load  ; 0     ;
; Number of registers using Clock Enable       ; 56    ;
; Number of registers using Preset             ; 0     ;
+----------------------------------------------+-------+


+----------------------------------------------------------------------------------------------------------------------------------------------------------------------+
; Multiplexer Restructuring Statistics (Restructuring Performed)                                                                                                       ;
+--------------------+-----------+---------------+----------------------+------------------------+------------+--------------------------------------------------------+
; Multiplexer Inputs ; Bus Width ; Baseline Area ; Area if Restructured ; Saving if Restructured ; Registered ; Example Multiplexer Output                             ;
+--------------------+-----------+---------------+----------------------+------------------------+------------+--------------------------------------------------------+
; 5:1                ; 16 bits   ; 48 LEs        ; 32 LEs               ; 16 LEs                 ; Yes        ; |maqvendaDEMO|DebounceUnit:debouncer3|s_debounceCnt[6] ;
; 5:1                ; 16 bits   ; 48 LEs        ; 32 LEs               ; 16 LEs                 ; Yes        ; |maqvendaDEMO|DebounceUnit:debouncer2|s_debounceCnt[6] ;
; 5:1                ; 16 bits   ; 48 LEs        ; 32 LEs               ; 16 LEs                 ; Yes        ; |maqvendaDEMO|DebounceUnit:debouncer1|s_debounceCnt[2] ;
; 5:1                ; 16 bits   ; 48 LEs        ; 32 LEs               ; 16 LEs                 ; Yes        ; |maqvendaDEMO|DebounceUnit:debouncer0|s_debounceCnt[7] ;
; 3:1                ; 2 bits    ; 4 LEs         ; 2 LEs                ; 2 LEs                  ; No         ; |maqvendaDEMO|FSMdp:maqestados|s_nextState             ;
; 16:1               ; 2 bits    ; 20 LEs        ; 16 LEs               ; 4 LEs                  ; No         ; |maqvendaDEMO|Bin7SegDecoder:Bin7SegDecoder|decOut_n   ;
+--------------------+-----------+---------------+----------------------+------------------------+------------+--------------------------------------------------------+


+----------------------------------------------------------------------+
; Parameter Settings for User Entity Instance: DebounceUnit:debouncer0 ;
+----------------+-------+---------------------------------------------+
; Parameter Name ; Value ; Type                                        ;
+----------------+-------+---------------------------------------------+
; khzclkfreq     ; 50000 ; Signed Integer                              ;
; msecmininwidth ; 1     ; Signed Integer                              ;
; inpolarity     ; '0'   ; Enumerated                                  ;
; outpolarity    ; '1'   ; Enumerated                                  ;
+----------------+-------+---------------------------------------------+
Note: In order to hide this table in the UI and the text report file, please set the "Show Parameter Settings in Synthesis Report" option in "Analysis and Synthesis Settings -> More Settings" to "Off".


+----------------------------------------------------------------------+
; Parameter Settings for User Entity Instance: DebounceUnit:debouncer1 ;
+----------------+-------+---------------------------------------------+
; Parameter Name ; Value ; Type                                        ;
+----------------+-------+---------------------------------------------+
; khzclkfreq     ; 50000 ; Signed Integer                              ;
; msecmininwidth ; 1     ; Signed Integer                              ;
; inpolarity     ; '0'   ; Enumerated                                  ;
; outpolarity    ; '1'   ; Enumerated                                  ;
+----------------+-------+---------------------------------------------+
Note: In order to hide this table in the UI and the text report file, please set the "Show Parameter Settings in Synthesis Report" option in "Analysis and Synthesis Settings -> More Settings" to "Off".


+----------------------------------------------------------------------+
; Parameter Settings for User Entity Instance: DebounceUnit:debouncer2 ;
+----------------+-------+---------------------------------------------+
; Parameter Name ; Value ; Type                                        ;
+----------------+-------+---------------------------------------------+
; khzclkfreq     ; 50000 ; Signed Integer                              ;
; msecmininwidth ; 1     ; Signed Integer                              ;
; inpolarity     ; '0'   ; Enumerated                                  ;
; outpolarity    ; '1'   ; Enumerated                                  ;
+----------------+-------+---------------------------------------------+
Note: In order to hide this table in the UI and the text report file, please set the "Show Parameter Settings in Synthesis Report" option in "Analysis and Synthesis Settings -> More Settings" to "Off".


+----------------------------------------------------------------------+
; Parameter Settings for User Entity Instance: DebounceUnit:debouncer3 ;
+----------------+-------+---------------------------------------------+
; Parameter Name ; Value ; Type                                        ;
+----------------+-------+---------------------------------------------+
; khzclkfreq     ; 50000 ; Signed Integer                              ;
; msecmininwidth ; 1     ; Signed Integer                              ;
; inpolarity     ; '0'   ; Enumerated                                  ;
; outpolarity    ; '1'   ; Enumerated                                  ;
+----------------+-------+---------------------------------------------+
Note: In order to hide this table in the UI and the text report file, please set the "Show Parameter Settings in Synthesis Report" option in "Analysis and Synthesis Settings -> More Settings" to "Off".


+-----------------------------------------------------------+
; Port Connectivity Checks: "Bin7SegDecoder:Bin7SegDecoder" ;
+------+-------+----------+---------------------------------+
; Port ; Type  ; Severity ; Details                         ;
+------+-------+----------+---------------------------------+
; e    ; Input ; Info     ; Stuck at VCC                    ;
+------+-------+----------+---------------------------------+


+-----------------------------------------------------+
; Post-Synthesis Netlist Statistics for Top Partition ;
+-----------------------+-----------------------------+
; Type                  ; Count                       ;
+-----------------------+-----------------------------+
; boundary_port         ; 26                          ;
; cycloneiii_ff         ; 80                          ;
;     ENA               ; 56                          ;
;     plain             ; 24                          ;
; cycloneiii_lcell_comb ; 235                         ;
;     arith             ; 60                          ;
;         2 data inputs ; 60                          ;
;     normal            ; 175                         ;
;         0 data inputs ; 1                           ;
;         1 data inputs ; 12                          ;
;         2 data inputs ; 26                          ;
;         3 data inputs ; 74                          ;
;         4 data inputs ; 62                          ;
;                       ;                             ;
; Max LUT depth         ; 7.00                        ;
; Average LUT depth     ; 4.28                        ;
+-----------------------+-----------------------------+


+-------------------------------+
; Elapsed Time Per Partition    ;
+----------------+--------------+
; Partition Name ; Elapsed Time ;
+----------------+--------------+
; Top            ; 00:00:00     ;
+----------------+--------------+


+-------------------------------+
; Analysis & Synthesis Messages ;
+-------------------------------+
Info: *******************************************************************
Info: Running Quartus Prime Analysis & Synthesis
    Info: Version 17.1.0 Build 590 10/25/2017 SJ Lite Edition
    Info: Processing started: Thu May 30 05:54:03 2019
Info: Command: quartus_map --read_settings_files=on --write_settings_files=off maqvendacafe -c maqvendacafe
Warning (18236): Number of processors has not been specified which may cause overloading on shared machines.  Set the global assignment NUM_PARALLEL_PROCESSORS in your QSF to an appropriate value for best performance.
Info (20030): Parallel compilation is enabled and will use 4 of the 4 processors detected
Info (12021): Found 2 design units, including 1 entities, in source file fsmdp.vhd
    Info (12022): Found design unit 1: FSMdp-MealyArch File: C:/Users/couto/Desktop/projeto final lsd novo/FSMdp.vhd Line: 21
    Info (12023): Found entity 1: FSMdp File: C:/Users/couto/Desktop/projeto final lsd novo/FSMdp.vhd Line: 5
Info (12021): Found 2 design units, including 1 entities, in source file maqvendademo.vhd
    Info (12022): Found design unit 1: maqvendaDEMO-Structural File: C:/Users/couto/Desktop/projeto final lsd novo/maqvendaDEMO.vhd Line: 13
    Info (12023): Found entity 1: maqvendaDEMO File: C:/Users/couto/Desktop/projeto final lsd novo/maqvendaDEMO.vhd Line: 4
Info (12021): Found 2 design units, including 1 entities, in source file debounceunit.vhd
    Info (12022): Found design unit 1: DebounceUnit-Behavioral File: C:/Users/couto/Desktop/projeto final lsd novo/DebounceUnit.vhd Line: 15
    Info (12023): Found entity 1: DebounceUnit File: C:/Users/couto/Desktop/projeto final lsd novo/DebounceUnit.vhd Line: 4
Info (12021): Found 2 design units, including 1 entities, in source file bin7segdecoder.vhd
    Info (12022): Found design unit 1: Bin7SegDecoder-Behavioral File: C:/Users/couto/Desktop/projeto final lsd novo/Bin7SegDecoder.vhd Line: 11
    Info (12023): Found entity 1: Bin7SegDecoder File: C:/Users/couto/Desktop/projeto final lsd novo/Bin7SegDecoder.vhd Line: 4
Info (12127): Elaborating entity "maqvendaDEMO" for the top level hierarchy
Warning (10541): VHDL Signal Declaration warning at maqvendaDEMO.vhd(10): used implicit default value for signal "ledg" because signal was never assigned a value or an explicit default value. Use of implicit default value may introduce unintended design optimizations. File: C:/Users/couto/Desktop/projeto final lsd novo/maqvendaDEMO.vhd Line: 10
Info (12129): Elaborating entity "FSMdp" using architecture "A:mealyarch" for hierarchy "FSMdp:maqestados" File: C:/Users/couto/Desktop/projeto final lsd novo/maqvendaDEMO.vhd Line: 18
Warning (10492): VHDL Process Statement warning at FSMdp.vhd(51): signal "valor" is read inside the Process Statement but isn't in the Process Statement's sensitivity list File: C:/Users/couto/Desktop/projeto final lsd novo/FSMdp.vhd Line: 51
Warning (10631): VHDL Process Statement warning at FSMdp.vhd(45): inferring latch(es) for signal or variable "valor", which holds its previous value in one or more paths through the process File: C:/Users/couto/Desktop/projeto final lsd novo/FSMdp.vhd Line: 45
Info (12129): Elaborating entity "DebounceUnit" using architecture "A:behavioral" for hierarchy "DebounceUnit:debouncer0" File: C:/Users/couto/Desktop/projeto final lsd novo/maqvendaDEMO.vhd Line: 32
Info (12129): Elaborating entity "Bin7SegDecoder" using architecture "A:behavioral" for hierarchy "Bin7SegDecoder:Bin7SegDecoder" File: C:/Users/couto/Desktop/projeto final lsd novo/maqvendaDEMO.vhd Line: 60
Warning (13024): Output pins are stuck at VCC or GND
    Warning (13410): Pin "ledr[4]" is stuck at GND File: C:/Users/couto/Desktop/projeto final lsd novo/maqvendaDEMO.vhd Line: 9
    Warning (13410): Pin "ledr[5]" is stuck at GND File: C:/Users/couto/Desktop/projeto final lsd novo/maqvendaDEMO.vhd Line: 9
    Warning (13410): Pin "ledg[0]" is stuck at GND File: C:/Users/couto/Desktop/projeto final lsd novo/maqvendaDEMO.vhd Line: 10
    Warning (13410): Pin "ledg[1]" is stuck at GND File: C:/Users/couto/Desktop/projeto final lsd novo/maqvendaDEMO.vhd Line: 10
    Warning (13410): Pin "ledg[2]" is stuck at GND File: C:/Users/couto/Desktop/projeto final lsd novo/maqvendaDEMO.vhd Line: 10
    Warning (13410): Pin "ledg[3]" is stuck at GND File: C:/Users/couto/Desktop/projeto final lsd novo/maqvendaDEMO.vhd Line: 10
Info (286030): Timing-Driven Synthesis is running
Info (16010): Generating hard_block partition "hard_block:auto_generated_inst"
    Info (16011): Adding 0 node(s), including 0 DDIO, 0 PLL, 0 transceiver and 0 LCELL
Info (21057): Implemented 260 device resources after synthesis - the final resource count might be different
    Info (21058): Implemented 9 input pins
    Info (21059): Implemented 17 output pins
    Info (21061): Implemented 234 logic cells
Info: Quartus Prime Analysis & Synthesis was successful. 0 errors, 11 warnings
    Info: Peak virtual memory: 4823 megabytes
    Info: Processing ended: Thu May 30 05:54:16 2019
    Info: Elapsed time: 00:00:13
    Info: Total CPU time (on all processors): 00:00:28


